生成启动时间为 2017/12/12 16:16:46。
     1>项目“C:\D\project\Dgitserver\2dpainting\2dpainting.vcxproj”在节点 2 上(Build 个目标)。
     1>ClCompile:
         C:\Program Files (x86)\Microsoft Visual Studio 12.0\VC\bin\x86_amd64\CL.exe /c /I. /IC:\qt\qt5.4.1\5.4\msvc2013_64_opengl\include /IC:\qt\qt5.4.1\5.4\msvc2013_64_opengl\include\QtWidgets /IC:\qt\qt5.4.1\5.4\msvc2013_64_opengl\include\QtGui /IC:\qt\qt5.4.1\5.4\msvc2013_64_opengl\include\QtCore /Idebug /I"C:\qt\qt5.4.1\5.4\msvc2013_64_opengl\mkspecs\win32-msvc2013" /ZI /nologo /W3 /WX- /Od /D _WINDOWS /D UNICODE /D WIN32 /D WIN64 /D QT_WIDGETS_LIB /D QT_GUI_LIB /D QT_CORE_LIB /Gm- /EHsc /MDd /GS /fp:precise /Zc:wchar_t /Zc:forScope /GR /Fo"debug\\" /Fd"debug\vc120.pdb" /Gd /TP /errorReport:prompt -Zm200 -w34100 -w34189 planet.cpp
     1>cl : 命令行 warning D9038: 此平台上不支持 /ZI；请启用 /Zi
         planet.cpp
     1>.\shader_s.h(64): warning C4101: “success”: 未引用的局部变量
     1>.\shader_s.h(65): warning C4101: “infoLog”: 未引用的局部变量
         GLM: rotate function taking degrees as a parameter is deprecated. #define GLM_FORCE_RADIANS before including GLM headers to remove this message.
       Link:
         C:\Program Files (x86)\Microsoft Visual Studio 12.0\VC\bin\x86_amd64\link.exe /ERRORREPORT:PROMPT /OUT:"debug\\2dpainting.exe" /NOLOGO /LIBPATH:C:\qt\qt5.4.1\5.4\msvc2013_64_opengl\lib /LIBPATH:C:\Qt\Qt5.4.1\5.4\msvc2013_64_opengl\lib /LIBPATH:C:\Qt\Qt5.4.1\5.4\msvc2013_64_opengl /LIBPATH:\lib glew32.lib glu32.lib opengl32.lib gdi32.lib user32.lib C:\qt\qt5.4.1\5.4\msvc2013_64_opengl\lib\qtmaind.lib shell32.lib C:\Qt\Qt5.4.1\5.4\msvc2013_64_opengl\lib\Qt5Cored.lib C:\qt\qt5.4.1\5.4\msvc2013_64_opengl\lib\Qt5Widgetsd.lib C:\qt\qt5.4.1\5.4\msvc2013_64_opengl\lib\Qt5Guid.lib C:\qt\qt5.4.1\5.4\msvc2013_64_opengl\lib\Qt5Cored.lib kernel32.lib user32.lib gdi32.lib winspool.lib comdlg32.lib advapi32.lib shell32.lib ole32.lib oleaut32.lib uuid.lib odbc32.lib odbccp32.lib /MANIFEST /MANIFESTUAC:"level='asInvoker' uiAccess='false'" /manifest:embed /DEBUG /PDB:"debug\2dpainting.pdb" /SUBSYSTEM:WINDOWS /TLBID:1 /DYNAMICBASE /NXCOMPAT /MACHINE:X64 "/MANIFESTDEPENDENCY:type='win32' name='Microsoft.Windows.Common-Controls' version='6.0.0.0' publicKeyToken='6595b64144ccf1df' language='*' processorArchitecture='*'" debug\glwidget.obj
         debug\main.obj
         debug\planet.obj
         debug\stb_image.obj
         debug\window.obj
         debug\moc_glwidget.obj
         debug\moc_window.obj
         2dpainting.vcxproj -> C:\D\project\Dgitserver\2dpainting\debug\2dpainting.exe
     1>已完成生成项目“C:\D\project\Dgitserver\2dpainting\2dpainting.vcxproj”(Build 个目标)的操作。

生成成功。

已用时间 00:00:01.12
